<?xml version="1.0" encoding="UTF-8"?>
<testsuite xmlns:xsi="http://www.w3.org/2001/XMLSchema-instance" xsi:noNamespaceSchemaLocation="https://maven.apache.org/surefire/maven-surefire-plugin/xsd/surefire-test-report-3.0.xsd" version="3.0" name="library.LibraryTest" time="0.051" tests="4" errors="0" skipped="0" failures="0">
  <properties>
[...]
</properties>
  <testcase name="testLendBooksNormal" classname="library.LibraryTest" time="0.015"/>
  <testcase name="testAddBooks" classname="library.LibraryTest" time="0.0"/>
  <testcase name="testZeroBooks" classname="library.LibraryTest" time="0.011"/>
  <testcase name="testLendMoreThanAvailable" classname="library.LibraryTest" time="0.0"/>
</testsuite>